<?xml version="1.0" encoding="UTF-8"?>
<testsuite name="com.scf.battle.presentation.controller.BattleSocketControllerTest" tests="2" skipped="0" failures="2" errors="0" timestamp="2024-07-30T06:15:29" hostname="DESKTOP-MMCQPV1" time="2.632">
  <properties/>
  <testcase name="testJoinRoom()" classname="com.scf.battle.presentation.controller.BattleSocketControllerTest" time="1.601">
    <failure message="java.lang.AssertionError: &#13;&#10;Expecting actual not to be null" type="java.lang.AssertionError">java.lang.AssertionError: 
Expecting actual not to be null
	at com.scf.battle.presentation.controller.BattleSocketControllerTest.testJoinRoom(BattleSocketControllerTest.java:82)
	at java.base/java.lang.reflect.Method.invoke(Method.java:580)
	at java.base/java.util.ArrayList.forEach(ArrayList.java:1596)
	at java.base/java.util.ArrayList.forEach(ArrayList.java:1596)
</failure>
  </testcase>
  <testcase name="testHandleQuizAnswer()" classname="com.scf.battle.presentation.controller.BattleSocketControllerTest" time="1.03">
    <failure message="java.lang.AssertionError: &#13;&#10;Expecting actual not to be null" type="java.lang.AssertionError">java.lang.AssertionError: 
Expecting actual not to be null
	at com.scf.battle.presentation.controller.BattleSocketControllerTest.testHandleQuizAnswer(BattleSocketControllerTest.java:118)
	at java.base/java.lang.reflect.Method.invoke(Method.java:580)
	at java.base/java.util.ArrayList.forEach(ArrayList.java:1596)
	at java.base/java.util.ArrayList.forEach(ArrayList.java:1596)
</failure>
  </testcase>
  <system-out><![CDATA[15:15:26.827 [Test worker] INFO org.springframework.test.context.support.AnnotationConfigContextLoaderUtils -- Could not detect default configuration classes for test class [com.scf.battle.presentation.controller.BattleSocketControllerTest]: BattleSocketControllerTest does not declare any static, non-private, non-final, nested classes annotated with @Configuration.
15:15:26.920 [Test worker] INFO org.springframework.boot.test.context.SpringBootTestContextBootstrapper -- Found @SpringBootConfiguration com.scf.battle.BattleApplication for test class com.scf.battle.presentation.controller.BattleSocketControllerTest

  .   ____          _            __ _ _
 /\\ / ___'_ __ _ _(_)_ __  __ _ \ \ \ \
( ( )\___ | '_ | '_| | '_ \/ _` | \ \ \ \
 \\/  ___)| |_)| | | | | || (_| |  ) ) ) )
  '  |____| .__|_| |_|_| |_\__, | / / / /
 =========|_|==============|___/=/_/_/_/

 :: Spring Boot ::                (v3.3.1)

2024-07-30T15:15:27.209+09:00  INFO 1444 --- [    Test worker] c.s.b.p.c.BattleSocketControllerTest     : Starting BattleSocketControllerTest using Java 21.0.4 with PID 1444 (started by SSAFY in C:\Users\SSAFY\Desktop\project\backend\battle)
2024-07-30T15:15:27.210+09:00  INFO 1444 --- [    Test worker] c.s.b.p.c.BattleSocketControllerTest     : The following 1 profile is active: "local"
2024-07-30T15:15:27.648+09:00  INFO 1444 --- [    Test worker] .s.d.r.c.RepositoryConfigurationDelegate : Bootstrapping Spring Data JPA repositories in DEFAULT mode.
2024-07-30T15:15:27.665+09:00  INFO 1444 --- [    Test worker] .s.d.r.c.RepositoryConfigurationDelegate : Finished Spring Data repository scanning in 10 ms. Found 0 JPA repository interfaces.
2024-07-30T15:15:28.127+09:00  INFO 1444 --- [    Test worker] o.s.b.w.embedded.tomcat.TomcatWebServer  : Tomcat initialized with port 0 (http)
2024-07-30T15:15:28.141+09:00  INFO 1444 --- [    Test worker] o.apache.catalina.core.StandardService   : Starting service [Tomcat]
2024-07-30T15:15:28.141+09:00  INFO 1444 --- [    Test worker] o.apache.catalina.core.StandardEngine    : Starting Servlet engine: [Apache Tomcat/10.1.25]
2024-07-30T15:15:28.203+09:00  INFO 1444 --- [    Test worker] o.a.c.c.C.[Tomcat].[localhost].[/]       : Initializing Spring embedded WebApplicationContext
2024-07-30T15:15:28.203+09:00  INFO 1444 --- [    Test worker] w.s.c.ServletWebServerApplicationContext : Root WebApplicationContext: initialization completed in 980 ms
2024-07-30T15:15:28.315+09:00  INFO 1444 --- [    Test worker] com.zaxxer.hikari.HikariDataSource       : HikariPool-1 - Starting...
2024-07-30T15:15:28.445+09:00  INFO 1444 --- [    Test worker] com.zaxxer.hikari.pool.HikariPool        : HikariPool-1 - Added connection conn0: url=jdbc:h2:mem:72b300a9-0229-448b-a964-78881924fe2f user=SA
2024-07-30T15:15:28.447+09:00  INFO 1444 --- [    Test worker] com.zaxxer.hikari.HikariDataSource       : HikariPool-1 - Start completed.
2024-07-30T15:15:28.491+09:00  INFO 1444 --- [    Test worker] o.hibernate.jpa.internal.util.LogHelper  : HHH000204: Processing PersistenceUnitInfo [name: default]
2024-07-30T15:15:28.563+09:00  INFO 1444 --- [    Test worker] org.hibernate.Version                    : HHH000412: Hibernate ORM core version 6.5.2.Final
2024-07-30T15:15:28.613+09:00  INFO 1444 --- [    Test worker] o.h.c.internal.RegionFactoryInitiator    : HHH000026: Second-level cache disabled
2024-07-30T15:15:28.853+09:00  INFO 1444 --- [    Test worker] o.s.o.j.p.SpringPersistenceUnitInfo      : No LoadTimeWeaver setup: ignoring JPA class transformer
2024-07-30T15:15:29.137+09:00  INFO 1444 --- [    Test worker] o.h.e.t.j.p.i.JtaPlatformInitiator       : HHH000489: No JTA platform available (set 'hibernate.transaction.jta.platform' to enable JTA platform integration)
2024-07-30T15:15:29.141+09:00  INFO 1444 --- [    Test worker] j.LocalContainerEntityManagerFactoryBean : Initialized JPA EntityManagerFactory for persistence unit 'default'
2024-07-30T15:15:29.305+09:00  WARN 1444 --- [    Test worker] JpaBaseConfiguration$JpaWebConfiguration : spring.jpa.open-in-view is enabled by default. Therefore, database queries may be performed during view rendering. Explicitly configure spring.jpa.open-in-view to disable this warning
2024-07-30T15:15:29.769+09:00  INFO 1444 --- [    Test worker] o.s.b.w.embedded.tomcat.TomcatWebServer  : Tomcat started on port 62423 (http) with context path '/'
2024-07-30T15:15:29.771+09:00  INFO 1444 --- [    Test worker] o.s.m.s.b.SimpleBrokerMessageHandler     : Starting...
2024-07-30T15:15:29.773+09:00  INFO 1444 --- [    Test worker] o.s.m.s.b.SimpleBrokerMessageHandler     : BrokerAvailabilityEvent[available=true, SimpleBrokerMessageHandler [org.springframework.messaging.simp.broker.DefaultSubscriptionRegistry@62d21afd]]
2024-07-30T15:15:29.773+09:00  INFO 1444 --- [    Test worker] o.s.m.s.b.SimpleBrokerMessageHandler     : Started.
2024-07-30T15:15:29.778+09:00  INFO 1444 --- [    Test worker] c.s.b.p.c.BattleSocketControllerTest     : Started BattleSocketControllerTest in 2.735 seconds (process running for 3.527)
2024-07-30T15:15:30.264+09:00  INFO 1444 --- [o-auto-1-exec-1] o.a.c.c.C.[Tomcat].[localhost].[/]       : Initializing Spring DispatcherServlet 'dispatcherServlet'
2024-07-30T15:15:30.265+09:00  INFO 1444 --- [o-auto-1-exec-1] o.s.web.servlet.DispatcherServlet        : Initializing Servlet 'dispatcherServlet'
2024-07-30T15:15:30.265+09:00  INFO 1444 --- [o-auto-1-exec-1] o.s.web.servlet.DispatcherServlet        : Completed initialization in 0 ms
2024-07-30T15:15:30.357+09:00 ERROR 1444 --- [nboundChannel-7] .WebSocketAnnotationMethodMessageHandler : Unhandled exception from message handler method

org.springframework.messaging.converter.MessageConversionException: Could not read JSON: Cannot construct instance of `com.scf.battle.domain.dto.JoinRoomDTO` (although at least one Creator exists): no String-argument constructor/factory method to deserialize from String value ('{"roomId":"testRoom","userId":1,"username":"testUser","roomPassword":"password"}')
 at [Source: REDACTED (`StreamReadFeature.INCLUDE_SOURCE_IN_LOCATION` disabled); line: 1, column: 1]
	at org.springframework.messaging.converter.MappingJackson2MessageConverter.convertFromInternal(MappingJackson2MessageConverter.java:256) ~[spring-messaging-6.1.10.jar:6.1.10]
	at org.springframework.messaging.converter.AbstractMessageConverter.fromMessage(AbstractMessageConverter.java:183) ~[spring-messaging-6.1.10.jar:6.1.10]
	at org.springframework.messaging.converter.CompositeMessageConverter.fromMessage(CompositeMessageConverter.java:70) ~[spring-messaging-6.1.10.jar:6.1.10]
	at org.springframework.messaging.handler.annotation.support.PayloadMethodArgumentResolver.resolveArgument(PayloadMethodArgumentResolver.java:144) ~[spring-messaging-6.1.10.jar:6.1.10]
	at org.springframework.messaging.handler.invocation.HandlerMethodArgumentResolverComposite.resolveArgument(HandlerMethodArgumentResolverComposite.java:118) ~[spring-messaging-6.1.10.jar:6.1.10]
	at org.springframework.messaging.handler.invocation.InvocableHandlerMethod.getMethodArgumentValues(InvocableHandlerMethod.java:147) ~[spring-messaging-6.1.10.jar:6.1.10]
	at org.springframework.messaging.handler.invocation.InvocableHandlerMethod.invoke(InvocableHandlerMethod.java:115) ~[spring-messaging-6.1.10.jar:6.1.10]
	at org.springframework.messaging.handler.invocation.AbstractMethodMessageHandler.handleMatch(AbstractMethodMessageHandler.java:567) ~[spring-messaging-6.1.10.jar:6.1.10]
	at org.springframework.messaging.simp.annotation.support.SimpAnnotationMethodMessageHandler.handleMatch(SimpAnnotationMethodMessageHandler.java:529) ~[spring-messaging-6.1.10.jar:6.1.10]
	at org.springframework.messaging.simp.annotation.support.SimpAnnotationMethodMessageHandler.handleMatch(SimpAnnotationMethodMessageHandler.java:93) ~[spring-messaging-6.1.10.jar:6.1.10]
	at org.springframework.messaging.handler.invocation.AbstractMethodMessageHandler.handleMessageInternal(AbstractMethodMessageHandler.java:522) ~[spring-messaging-6.1.10.jar:6.1.10]
	at org.springframework.messaging.handler.invocation.AbstractMethodMessageHandler.handleMessage(AbstractMethodMessageHandler.java:457) ~[spring-messaging-6.1.10.jar:6.1.10]
	at org.springframework.messaging.support.ExecutorSubscribableChannel$SendTask.run(ExecutorSubscribableChannel.java:152) ~[spring-messaging-6.1.10.jar:6.1.10]
	at java.base/java.util.concurrent.ThreadPoolExecutor.runWorker(ThreadPoolExecutor.java:1144) ~[na:na]
	at java.base/java.util.concurrent.ThreadPoolExecutor$Worker.run(ThreadPoolExecutor.java:642) ~[na:na]
	at java.base/java.lang.Thread.run(Thread.java:1583) ~[na:na]
Caused by: com.fasterxml.jackson.databind.exc.MismatchedInputException: Cannot construct instance of `com.scf.battle.domain.dto.JoinRoomDTO` (although at least one Creator exists): no String-argument constructor/factory method to deserialize from String value ('{"roomId":"testRoom","userId":1,"username":"testUser","roomPassword":"password"}')
 at [Source: REDACTED (`StreamReadFeature.INCLUDE_SOURCE_IN_LOCATION` disabled); line: 1, column: 1]
	at com.fasterxml.jackson.databind.exc.MismatchedInputException.from(MismatchedInputException.java:63) ~[jackson-databind-2.17.1.jar:2.17.1]
	at com.fasterxml.jackson.databind.DeserializationContext.reportInputMismatch(DeserializationContext.java:1754) ~[jackson-databind-2.17.1.jar:2.17.1]
	at com.fasterxml.jackson.databind.DeserializationContext.handleMissingInstantiator(DeserializationContext.java:1379) ~[jackson-databind-2.17.1.jar:2.17.1]
	at com.fasterxml.jackson.databind.deser.std.StdDeserializer._deserializeFromString(StdDeserializer.java:311) ~[jackson-databind-2.17.1.jar:2.17.1]
	at com.fasterxml.jackson.databind.deser.BeanDeserializerBase.deserializeFromString(BeanDeserializerBase.java:1588) ~[jackson-databind-2.17.1.jar:2.17.1]
	at com.fasterxml.jackson.databind.deser.BeanDeserializer._deserializeOther(BeanDeserializer.java:197) ~[jackson-databind-2.17.1.jar:2.17.1]
	at com.fasterxml.jackson.databind.deser.BeanDeserializer.deserialize(BeanDeserializer.java:187) ~[jackson-databind-2.17.1.jar:2.17.1]
	at com.fasterxml.jackson.databind.deser.DefaultDeserializationContext.readRootValue(DefaultDeserializationContext.java:342) ~[jackson-databind-2.17.1.jar:2.17.1]
	at com.fasterxml.jackson.databind.ObjectMapper._readMapAndClose(ObjectMapper.java:4905) ~[jackson-databind-2.17.1.jar:2.17.1]
	at com.fasterxml.jackson.databind.ObjectMapper.readValue(ObjectMapper.java:3942) ~[jackson-databind-2.17.1.jar:2.17.1]
	at org.springframework.messaging.converter.MappingJackson2MessageConverter.convertFromInternal(MappingJackson2MessageConverter.java:242) ~[spring-messaging-6.1.10.jar:6.1.10]
	... 15 common frames omitted

2024-07-30T15:15:31.405+09:00 ERROR 1444 --- [boundChannel-16] .WebSocketAnnotationMethodMessageHandler : Unhandled exception from message handler method

org.springframework.messaging.converter.MessageConversionException: Could not read JSON: Cannot construct instance of `com.scf.battle.domain.dto.Solved` (although at least one Creator exists): no String-argument constructor/factory method to deserialize from String value ('{"problemId":1,"userId":1,"solve":{"1":1},"submitTime":5,"roomId":"testRoom"}')
 at [Source: REDACTED (`StreamReadFeature.INCLUDE_SOURCE_IN_LOCATION` disabled); line: 1, column: 1]
	at org.springframework.messaging.converter.MappingJackson2MessageConverter.convertFromInternal(MappingJackson2MessageConverter.java:256) ~[spring-messaging-6.1.10.jar:6.1.10]
	at org.springframework.messaging.converter.AbstractMessageConverter.fromMessage(AbstractMessageConverter.java:183) ~[spring-messaging-6.1.10.jar:6.1.10]
	at org.springframework.messaging.converter.CompositeMessageConverter.fromMessage(CompositeMessageConverter.java:70) ~[spring-messaging-6.1.10.jar:6.1.10]
	at org.springframework.messaging.handler.annotation.support.PayloadMethodArgumentResolver.resolveArgument(PayloadMethodArgumentResolver.java:144) ~[spring-messaging-6.1.10.jar:6.1.10]
	at org.springframework.messaging.handler.invocation.HandlerMethodArgumentResolverComposite.resolveArgument(HandlerMethodArgumentResolverComposite.java:118) ~[spring-messaging-6.1.10.jar:6.1.10]
	at org.springframework.messaging.handler.invocation.InvocableHandlerMethod.getMethodArgumentValues(InvocableHandlerMethod.java:147) ~[spring-messaging-6.1.10.jar:6.1.10]
	at org.springframework.messaging.handler.invocation.InvocableHandlerMethod.invoke(InvocableHandlerMethod.java:115) ~[spring-messaging-6.1.10.jar:6.1.10]
	at org.springframework.messaging.handler.invocation.AbstractMethodMessageHandler.handleMatch(AbstractMethodMessageHandler.java:567) ~[spring-messaging-6.1.10.jar:6.1.10]
	at org.springframework.messaging.simp.annotation.support.SimpAnnotationMethodMessageHandler.handleMatch(SimpAnnotationMethodMessageHandler.java:529) ~[spring-messaging-6.1.10.jar:6.1.10]
	at org.springframework.messaging.simp.annotation.support.SimpAnnotationMethodMessageHandler.handleMatch(SimpAnnotationMethodMessageHandler.java:93) ~[spring-messaging-6.1.10.jar:6.1.10]
	at org.springframework.messaging.handler.invocation.AbstractMethodMessageHandler.handleMessageInternal(AbstractMethodMessageHandler.java:522) ~[spring-messaging-6.1.10.jar:6.1.10]
	at org.springframework.messaging.handler.invocation.AbstractMethodMessageHandler.handleMessage(AbstractMethodMessageHandler.java:457) ~[spring-messaging-6.1.10.jar:6.1.10]
	at org.springframework.messaging.support.ExecutorSubscribableChannel$SendTask.run(ExecutorSubscribableChannel.java:152) ~[spring-messaging-6.1.10.jar:6.1.10]
	at java.base/java.util.concurrent.ThreadPoolExecutor.runWorker(ThreadPoolExecutor.java:1144) ~[na:na]
	at java.base/java.util.concurrent.ThreadPoolExecutor$Worker.run(ThreadPoolExecutor.java:642) ~[na:na]
	at java.base/java.lang.Thread.run(Thread.java:1583) ~[na:na]
Caused by: com.fasterxml.jackson.databind.exc.MismatchedInputException: Cannot construct instance of `com.scf.battle.domain.dto.Solved` (although at least one Creator exists): no String-argument constructor/factory method to deserialize from String value ('{"problemId":1,"userId":1,"solve":{"1":1},"submitTime":5,"roomId":"testRoom"}')
 at [Source: REDACTED (`StreamReadFeature.INCLUDE_SOURCE_IN_LOCATION` disabled); line: 1, column: 1]
	at com.fasterxml.jackson.databind.exc.MismatchedInputException.from(MismatchedInputException.java:63) ~[jackson-databind-2.17.1.jar:2.17.1]
	at com.fasterxml.jackson.databind.DeserializationContext.reportInputMismatch(DeserializationContext.java:1754) ~[jackson-databind-2.17.1.jar:2.17.1]
	at com.fasterxml.jackson.databind.DeserializationContext.handleMissingInstantiator(DeserializationContext.java:1379) ~[jackson-databind-2.17.1.jar:2.17.1]
	at com.fasterxml.jackson.databind.deser.std.StdDeserializer._deserializeFromString(StdDeserializer.java:311) ~[jackson-databind-2.17.1.jar:2.17.1]
	at com.fasterxml.jackson.databind.deser.BeanDeserializerBase.deserializeFromString(BeanDeserializerBase.java:1588) ~[jackson-databind-2.17.1.jar:2.17.1]
	at com.fasterxml.jackson.databind.deser.BeanDeserializer._deserializeOther(BeanDeserializer.java:197) ~[jackson-databind-2.17.1.jar:2.17.1]
	at com.fasterxml.jackson.databind.deser.BeanDeserializer.deserialize(BeanDeserializer.java:187) ~[jackson-databind-2.17.1.jar:2.17.1]
	at com.fasterxml.jackson.databind.deser.DefaultDeserializationContext.readRootValue(DefaultDeserializationContext.java:342) ~[jackson-databind-2.17.1.jar:2.17.1]
	at com.fasterxml.jackson.databind.ObjectMapper._readMapAndClose(ObjectMapper.java:4905) ~[jackson-databind-2.17.1.jar:2.17.1]
	at com.fasterxml.jackson.databind.ObjectMapper.readValue(ObjectMapper.java:3942) ~[jackson-databind-2.17.1.jar:2.17.1]
	at org.springframework.messaging.converter.MappingJackson2MessageConverter.convertFromInternal(MappingJackson2MessageConverter.java:242) ~[spring-messaging-6.1.10.jar:6.1.10]
	... 15 common frames omitted

]]></system-out>
  <system-err><![CDATA[WARNING: A Java agent has been loaded dynamically (C:\Users\SSAFY\.gradle\caches\modules-2\files-2.1\net.bytebuddy\byte-buddy-agent\1.14.17\e3c251a39dc90badaf71c83427ba46840f219d8d\byte-buddy-agent-1.14.17.jar)
WARNING: If a serviceability tool is in use, please run with -XX:+EnableDynamicAgentLoading to hide this warning
WARNING: If a serviceability tool is not in use, please run with -Djdk.instrument.traceUsage for more information
WARNING: Dynamic loading of agents will be disallowed by default in a future release
]]></system-err>
</testsuite>
